[    2580ms] [INFO] %cDownload the React DevTools for a better development experience: https://react.dev/link/react-devtools font-weight:bold @ http://localhost:8090/node_modules/expo-router/entry.bundle?platform=web&dev=true&hot=false&lazy=true&transform.routerRoot=app&transform.reactCompiler=true:18049
[    2711ms] [LOG] Running application "main" with appParams:
 {rootTag: #root, hydrate: undefined} 
Development-level warnings: ON.
Performance optimizations: OFF. @ http://localhost:8090/node_modules/expo-router/entry.bundle?platform=web&dev=true&hot=false&lazy=true&transform.routerRoot=app&transform.reactCompiler=true:56990
[    2904ms] [WARNING] "textShadow*" style props are deprecated. Use "textShadow". @ http://localhost:8090/node_modules/expo-router/entry.bundle?platform=web&dev=true&hot=false&lazy=true&transform.routerRoot=app&transform.reactCompiler=true:23447
[    2907ms] [WARNING] "shadow*" style props are deprecated. Use "boxShadow". @ http://localhost:8090/node_modules/expo-router/entry.bundle?platform=web&dev=true&hot=false&lazy=true&transform.routerRoot=app&transform.reactCompiler=true:23447
[    3081ms] [WARNING] `setVisibilityAsync` is only available on Android @ http://localhost:8090/node_modules/expo-router/entry.bundle?platform=web&dev=true&hot=false&lazy=true&transform.routerRoot=app&transform.reactCompiler=true:72027
[    3081ms] [WARNING] `setBehaviorAsync` is only available on Android @ http://localhost:8090/node_modules/expo-router/entry.bundle?platform=web&dev=true&hot=false&lazy=true&transform.routerRoot=app&transform.reactCompiler=true:72135
[   42075ms] [WARNING] props.pointerEvents is deprecated. Use style.pointerEvents @ http://localhost:8090/node_modules/expo-router/entry.bundle?platform=web&dev=true&hot=false&lazy=true&transform.routerRoot=app&transform.reactCompiler=true:23447
[ 2613459ms] [INFO] %cDownload the React DevTools for a better development experience: https://react.dev/link/react-devtools font-weight:bold @ http://localhost:8090/node_modules/expo-router/entry.bundle?platform=web&dev=true&hot=false&lazy=true&transform.routerRoot=app&transform.reactCompiler=true:18049
[ 2613567ms] [LOG] Running application "main" with appParams:
 {rootTag: #root, hydrate: undefined} 
Development-level warnings: ON.
Performance optimizations: OFF. @ http://localhost:8090/node_modules/expo-router/entry.bundle?platform=web&dev=true&hot=false&lazy=true&transform.routerRoot=app&transform.reactCompiler=true:56990
[ 2613742ms] [WARNING] "textShadow*" style props are deprecated. Use "textShadow". @ http://localhost:8090/node_modules/expo-router/entry.bundle?platform=web&dev=true&hot=false&lazy=true&transform.routerRoot=app&transform.reactCompiler=true:23447
[ 2613744ms] [WARNING] "shadow*" style props are deprecated. Use "boxShadow". @ http://localhost:8090/node_modules/expo-router/entry.bundle?platform=web&dev=true&hot=false&lazy=true&transform.routerRoot=app&transform.reactCompiler=true:23447
[ 2613899ms] [WARNING] `setVisibilityAsync` is only available on Android @ http://localhost:8090/node_modules/expo-router/entry.bundle?platform=web&dev=true&hot=false&lazy=true&transform.routerRoot=app&transform.reactCompiler=true:72027
[ 2613900ms] [WARNING] `setBehaviorAsync` is only available on Android @ http://localhost:8090/node_modules/expo-router/entry.bundle?platform=web&dev=true&hot=false&lazy=true&transform.routerRoot=app&transform.reactCompiler=true:72135
[ 2614149ms] [WARNING] `setVisibilityAsync` is only available on Android @ http://localhost:8090/node_modules/expo-router/entry.bundle?platform=web&dev=true&hot=false&lazy=true&transform.routerRoot=app&transform.reactCompiler=true:72027
[ 2614149ms] [WARNING] `setBehaviorAsync` is only available on Android @ http://localhost:8090/node_modules/expo-router/entry.bundle?platform=web&dev=true&hot=false&lazy=true&transform.routerRoot=app&transform.reactCompiler=true:72135
[ 2616234ms] [WARNING] `setVisibilityAsync` is only available on Android @ http://localhost:8090/node_modules/expo-router/entry.bundle?platform=web&dev=true&hot=false&lazy=true&transform.routerRoot=app&transform.reactCompiler=true:72027
[ 2616234ms] [WARNING] `setBehaviorAsync` is only available on Android @ http://localhost:8090/node_modules/expo-router/entry.bundle?platform=web&dev=true&hot=false&lazy=true&transform.routerRoot=app&transform.reactCompiler=true:72135
[ 2618571ms] [WARNING] `setVisibilityAsync` is only available on Android @ http://localhost:8090/node_modules/expo-router/entry.bundle?platform=web&dev=true&hot=false&lazy=true&transform.routerRoot=app&transform.reactCompiler=true:72027
[ 2618572ms] [WARNING] `setBehaviorAsync` is only available on Android @ http://localhost:8090/node_modules/expo-router/entry.bundle?platform=web&dev=true&hot=false&lazy=true&transform.routerRoot=app&transform.reactCompiler=true:72135
[ 2623033ms] [WARNING] `setVisibilityAsync` is only available on Android @ http://localhost:8090/node_modules/expo-router/entry.bundle?platform=web&dev=true&hot=false&lazy=true&transform.routerRoot=app&transform.reactCompiler=true:72027
[ 2623033ms] [WARNING] `setBehaviorAsync` is only available on Android @ http://localhost:8090/node_modules/expo-router/entry.bundle?platform=web&dev=true&hot=false&lazy=true&transform.routerRoot=app&transform.reactCompiler=true:72135
[ 2655237ms] [WARNING] `setVisibilityAsync` is only available on Android @ http://localhost:8090/node_modules/expo-router/entry.bundle?platform=web&dev=true&hot=false&lazy=true&transform.routerRoot=app&transform.reactCompiler=true:72027
[ 2655237ms] [WARNING] `setBehaviorAsync` is only available on Android @ http://localhost:8090/node_modules/expo-router/entry.bundle?platform=web&dev=true&hot=false&lazy=true&transform.routerRoot=app&transform.reactCompiler=true:72135
[ 2659422ms] [WARNING] `setVisibilityAsync` is only available on Android @ http://localhost:8090/node_modules/expo-router/entry.bundle?platform=web&dev=true&hot=false&lazy=true&transform.routerRoot=app&transform.reactCompiler=true:72027
[ 2659422ms] [WARNING] `setBehaviorAsync` is only available on Android @ http://localhost:8090/node_modules/expo-router/entry.bundle?platform=web&dev=true&hot=false&lazy=true&transform.routerRoot=app&transform.reactCompiler=true:72135
[ 2659907ms] [WARNING] `setVisibilityAsync` is only available on Android @ http://localhost:8090/node_modules/expo-router/entry.bundle?platform=web&dev=true&hot=false&lazy=true&transform.routerRoot=app&transform.reactCompiler=true:72027
[ 2659907ms] [WARNING] `setBehaviorAsync` is only available on Android @ http://localhost:8090/node_modules/expo-router/entry.bundle?platform=web&dev=true&hot=false&lazy=true&transform.routerRoot=app&transform.reactCompiler=true:72135
[ 2767762ms] [WARNING] props.pointerEvents is deprecated. Use style.pointerEvents @ http://localhost:8090/node_modules/expo-router/entry.bundle?platform=web&dev=true&hot=false&lazy=true&transform.routerRoot=app&transform.reactCompiler=true:23447
