[    2475ms] [INFO] %cDownload the React DevTools for a better development experience: https://react.dev/link/react-devtools font-weight:bold @ http://localhost:8090/node_modules/expo-router/entry.bundle?platform=web&dev=true&hot=false&lazy=true&transform.routerRoot=app&transform.reactCompiler=true:18049
[    2600ms] [LOG] Running application "main" with appParams:
 {rootTag: #root, hydrate: undefined} 
Development-level warnings: ON.
Performance optimizations: OFF. @ http://localhost:8090/node_modules/expo-router/entry.bundle?platform=web&dev=true&hot=false&lazy=true&transform.routerRoot=app&transform.reactCompiler=true:56990
[    2847ms] [WARNING] "textShadow*" style props are deprecated. Use "textShadow". @ http://localhost:8090/node_modules/expo-router/entry.bundle?platform=web&dev=true&hot=false&lazy=true&transform.routerRoot=app&transform.reactCompiler=true:23447
[    2850ms] [WARNING] "shadow*" style props are deprecated. Use "boxShadow". @ http://localhost:8090/node_modules/expo-router/entry.bundle?platform=web&dev=true&hot=false&lazy=true&transform.routerRoot=app&transform.reactCompiler=true:23447
[    3008ms] [WARNING] `setVisibilityAsync` is only available on Android @ http://localhost:8090/node_modules/expo-router/entry.bundle?platform=web&dev=true&hot=false&lazy=true&transform.routerRoot=app&transform.reactCompiler=true:72078
[    3009ms] [WARNING] `setBehaviorAsync` is only available on Android @ http://localhost:8090/node_modules/expo-router/entry.bundle?platform=web&dev=true&hot=false&lazy=true&transform.routerRoot=app&transform.reactCompiler=true:72186
[   38973ms] [WARNING] props.pointerEvents is deprecated. Use style.pointerEvents @ http://localhost:8090/node_modules/expo-router/entry.bundle?platform=web&dev=true&hot=false&lazy=true&transform.routerRoot=app&transform.reactCompiler=true:23447
[  226536ms] [WARNING] `setVisibilityAsync` is only available on Android @ http://localhost:8090/node_modules/expo-router/entry.bundle?platform=web&dev=true&hot=false&lazy=true&transform.routerRoot=app&transform.reactCompiler=true:72078
[  226536ms] [WARNING] `setBehaviorAsync` is only available on Android @ http://localhost:8090/node_modules/expo-router/entry.bundle?platform=web&dev=true&hot=false&lazy=true&transform.routerRoot=app&transform.reactCompiler=true:72186
[  242614ms] [LOG] [snd:init] click {"isLoaded":false,"playing":false,"paused":true,"buffering":false,"t":0,"dur":null,"vol":1,"muted":false} @ http://localhost:8090/contexts/SoundContext.bundle//&platform=web&dev=true&hot=false&lazy=true&transform.routerRoot=app&transform.reactCompiler=true&minify=false&modulesOnly=true&runModule=false&shallow=true:94
[  242615ms] [LOG] [snd:init] dice {"isLoaded":false,"playing":false,"paused":true,"buffering":false,"t":0,"dur":null,"vol":1,"muted":false} @ http://localhost:8090/contexts/SoundContext.bundle//&platform=web&dev=true&hot=false&lazy=true&transform.routerRoot=app&transform.reactCompiler=true&minify=false&modulesOnly=true&runModule=false&shallow=true:94
[  242616ms] [LOG] [snd:init] cash {"isLoaded":false,"playing":false,"paused":true,"buffering":false,"t":0,"dur":null,"vol":1,"muted":false} @ http://localhost:8090/contexts/SoundContext.bundle//&platform=web&dev=true&hot=false&lazy=true&transform.routerRoot=app&transform.reactCompiler=true&minify=false&modulesOnly=true&runModule=false&shallow=true:94
[  242617ms] [LOG] [snd:init] coins {"isLoaded":false,"playing":false,"paused":true,"buffering":false,"t":0,"dur":null,"vol":1,"muted":false} @ http://localhost:8090/contexts/SoundContext.bundle//&platform=web&dev=true&hot=false&lazy=true&transform.routerRoot=app&transform.reactCompiler=true&minify=false&modulesOnly=true&runModule=false&shallow=true:94
[  242618ms] [WARNING] `setVisibilityAsync` is only available on Android @ http://localhost:8090/node_modules/expo-router/entry.bundle?platform=web&dev=true&hot=false&lazy=true&transform.routerRoot=app&transform.reactCompiler=true:72078
[  242619ms] [WARNING] `setBehaviorAsync` is only available on Android @ http://localhost:8090/node_modules/expo-router/entry.bundle?platform=web&dev=true&hot=false&lazy=true&transform.routerRoot=app&transform.reactCompiler=true:72186
[  242671ms] [LOG] [snd:status] cash {"isLoaded":true,"playing":false,"buffering":false,"t":0,"dur":1.450522,"state":"","waiting":""} @ http://localhost:8090/contexts/SoundContext.bundle//&platform=web&dev=true&hot=false&lazy=true&transform.routerRoot=app&transform.reactCompiler=true&minify=false&modulesOnly=true&runModule=false&shallow=true:95
[  242682ms] [LOG] [snd:status] click {"isLoaded":true,"playing":false,"buffering":false,"t":0,"dur":0.402979,"state":"","waiting":""} @ http://localhost:8090/contexts/SoundContext.bundle//&platform=web&dev=true&hot=false&lazy=true&transform.routerRoot=app&transform.reactCompiler=true&minify=false&modulesOnly=true&runModule=false&shallow=true:95
[  242695ms] [LOG] [snd:status] coins {"isLoaded":true,"playing":false,"buffering":false,"t":0,"dur":0.26288,"state":"","waiting":""} @ http://localhost:8090/contexts/SoundContext.bundle//&platform=web&dev=true&hot=false&lazy=true&transform.routerRoot=app&transform.reactCompiler=true&minify=false&modulesOnly=true&runModule=false&shallow=true:95
[  242707ms] [LOG] [snd:status] dice {"isLoaded":true,"playing":false,"buffering":false,"t":0,"dur":2,"state":"","waiting":""} @ http://localhost:8090/contexts/SoundContext.bundle//&platform=web&dev=true&hot=false&lazy=true&transform.routerRoot=app&transform.reactCompiler=true&minify=false&modulesOnly=true&runModule=false&shallow=true:95
