[    3593ms] [INFO] %cDownload the React DevTools for a better development experience: https://react.dev/link/react-devtools font-weight:bold @ http://localhost:8090/node_modules/expo-router/entry.bundle?platform=web&dev=true&hot=false&lazy=true&transform.routerRoot=app&transform.reactCompiler=true:18049
[    3707ms] [LOG] Running application "main" with appParams:
 {rootTag: #root, hydrate: undefined} 
Development-level warnings: ON.
Performance optimizations: OFF. @ http://localhost:8090/node_modules/expo-router/entry.bundle?platform=web&dev=true&hot=false&lazy=true&transform.routerRoot=app&transform.reactCompiler=true:56990
[    3860ms] [WARNING] "textShadow*" style props are deprecated. Use "textShadow". @ http://localhost:8090/node_modules/expo-router/entry.bundle?platform=web&dev=true&hot=false&lazy=true&transform.routerRoot=app&transform.reactCompiler=true:23447
[    3863ms] [WARNING] "shadow*" style props are deprecated. Use "boxShadow". @ http://localhost:8090/node_modules/expo-router/entry.bundle?platform=web&dev=true&hot=false&lazy=true&transform.routerRoot=app&transform.reactCompiler=true:23447
[    4010ms] [WARNING] `setVisibilityAsync` is only available on Android @ http://localhost:8090/node_modules/expo-router/entry.bundle?platform=web&dev=true&hot=false&lazy=true&transform.routerRoot=app&transform.reactCompiler=true:72073
[    4011ms] [WARNING] `setBehaviorAsync` is only available on Android @ http://localhost:8090/node_modules/expo-router/entry.bundle?platform=web&dev=true&hot=false&lazy=true&transform.routerRoot=app&transform.reactCompiler=true:72181
[   31304ms] [WARNING] props.pointerEvents is deprecated. Use style.pointerEvents @ http://localhost:8090/node_modules/expo-router/entry.bundle?platform=web&dev=true&hot=false&lazy=true&transform.routerRoot=app&transform.reactCompiler=true:23447
[ 4653895ms] [ERROR] %o

%s

%s
 ReferenceError: useRef is not defined
    at Board (http://localhost:8090/components/game/Board.bundle//&platform=web&dev=true&hot=false&lazy=true&transform.routerRoot=app&transform.reactCompiler=true&minify=false&modulesOnly=true&runModule=false&shallow=true:101:24)
    at react-stack-bottom-frame (http://localhost:8090/node_modules/expo-router/entry.bundle?platform=web&dev=true&hot=false&lazy=true&transform.routerRoot=app&transform.reactCompiler=true:17335:20)
    at renderWithHooks (http://localhost:8090/node_modules/expo-router/entry.bundle?platform=web&dev=true&hot=false&lazy=true&transform.routerRoot=app&transform.reactCompiler=true:7545:22)
    at updateFunctionComponent (http://localhost:8090/node_modules/expo-router/entry.bundle?platform=web&dev=true&hot=false&lazy=true&transform.routerRoot=app&transform.reactCompiler=true:9238:19)
    at beginWork (http://localhost:8090/node_modules/expo-router/entry.bundle?platform=web&dev=true&hot=false&lazy=true&transform.routerRoot=app&transform.reactCompiler=true:9824:18)
    at runWithFiberInDEV (http://localhost:8090/node_modules/expo-router/entry.bundle?platform=web&dev=true&hot=false&lazy=true&transform.routerRoot=app&transform.reactCompiler=true:5317:70)
    at performUnitOfWork (http://localhost:8090/node_modules/expo-router/entry.bundle?platform=web&dev=true&hot=false&lazy=true&transform.routerRoot=app&transform.reactCompiler=true:11897:95)
    at workLoopSync (http://localhost:8090/node_modules/expo-router/entry.bundle?platform=web&dev=true&hot=false&lazy=true&transform.routerRoot=app&transform.reactCompiler=true:11790:40)
    at renderRootSync (http://localhost:8090/node_modules/expo-router/entry.bundle?platform=web&dev=true&hot=false&lazy=true&transform.routerRoot=app&transform.reactCompiler=true:11774:9)
    at performWorkOnRoot (http://localhost:8090/node_modules/expo-router/entry.bundle?platform=web&dev=true&hot=false&lazy=true&transform.routerRoot=app&transform.reactCompiler=true:11538:44)
    at performSyncWorkOnRoot (http://localhost:8090/node_modules/expo-router/entry.bundle?platform=web&dev=true&hot=false&lazy=true&transform.routerRoot=app&transform.reactCompiler=true:12502:7)
    at flushSyncWorkAcrossRoots_impl (http://localhost:8090/node_modules/expo-router/entry.bundle?platform=web&dev=true&hot=false&lazy=true&transform.routerRoot=app&transform.reactCompiler=true:12421:308)
    at flushSyncWork$1 (http://localhost:8090/node_modules/expo-router/entry.bundle?platform=web&dev=true&hot=false&lazy=true&transform.routerRoot=app&transform.reactCompiler=true:11652:84)
    at Object.scheduleRefresh (http://localhost:8090/node_modules/expo-router/entry.bundle?platform=web&dev=true&hot=false&lazy=true&transform.routerRoot=app&transform.reactCompiler=true:4285:9)
    at http://localhost:8090/node_modules/expo-router/entry.bundle?platform=web&dev=true&hot=false&lazy=true&transform.routerRoot=app&transform.reactCompiler=true:64833:23
    at Set.forEach (<anonymous>)
    at Object.performReactRefresh (http://localhost:8090/node_modules/expo-router/entry.bundle?platform=web&dev=true&hot=false&lazy=true&transform.routerRoot=app&transform.reactCompiler=true:64825:32)
    at Object.performReactRefresh (http://localhost:8090/node_modules/expo-router/entry.bundle?platform=web&dev=true&hot=false&lazy=true&transform.routerRoot=app&transform.reactCompiler=true:64592:27)
    at http://localhost:8090/node_modules/expo-router/entry.bundle?platform=web&dev=true&hot=false&lazy=true&transform.routerRoot=app&transform.reactCompiler=true:429:21 The above error occurred in the <Board> component. React will try to recreate this component tree from scratch using the error boundary you provided, LogBoxStateSubscription. @ http://localhost:8090/node_modules/expo-router/entry.bundle?platform=web&dev=true&hot=false&lazy=true&transform.routerRoot=app&transform.reactCompiler=true:2508
[ 4663657ms] [WARNING] `setVisibilityAsync` is only available on Android @ http://localhost:8090/node_modules/expo-router/entry.bundle?platform=web&dev=true&hot=false&lazy=true&transform.routerRoot=app&transform.reactCompiler=true:72073
[ 4663658ms] [WARNING] `setBehaviorAsync` is only available on Android @ http://localhost:8090/node_modules/expo-router/entry.bundle?platform=web&dev=true&hot=false&lazy=true&transform.routerRoot=app&transform.reactCompiler=true:72181
[ 4663696ms] [WARNING] `setVisibilityAsync` is only available on Android @ http://localhost:8090/node_modules/expo-router/entry.bundle?platform=web&dev=true&hot=false&lazy=true&transform.routerRoot=app&transform.reactCompiler=true:72073
[ 4663696ms] [WARNING] `setBehaviorAsync` is only available on Android @ http://localhost:8090/node_modules/expo-router/entry.bundle?platform=web&dev=true&hot=false&lazy=true&transform.routerRoot=app&transform.reactCompiler=true:72181
